<?xml version="1.0" encoding="UTF-8"?>
<!-- Generated by org.testng.reporters.JUnitXMLReporter -->
<testsuite hostname="idoshoshani-lt" name="AppiumAMFAM" tests="1" failures="0" timestamp="30 May 2018 19:40:17 GMT" time="23.212" errors="0">
  <testcase name="@BeforeTest setUp" time="0.0" classname="appiumAMFAM.TC02">
    <failure type="java.lang.NoSuchMethodError" message="org.openqa.selenium.Platform.fromString(Ljava/lang/String;)Lorg/openqa/selenium/Platform;">
      <![CDATA[java.lang.NoSuchMethodError: org.openqa.selenium.Platform.fromString(Ljava/lang/String;)Lorg/openqa/selenium/Platform;
	at org.openqa.selenium.remote.RemoteWebDriver.startSession(RemoteWebDriver.java:234)
	at org.openqa.selenium.remote.RemoteWebDriver.<init>(RemoteWebDriver.java:140)
	at io.appium.java_client.DefaultGenericMobileDriver.<init>(DefaultGenericMobileDriver.java:38)
	at io.appium.java_client.AppiumDriver.<init>(AppiumDriver.java:83)
	at io.appium.java_client.AppiumDriver.<init>(AppiumDriver.java:93)
	at io.appium.java_client.ios.IOSDriver.<init>(IOSDriver.java:78)
	at appiumAMFAM.TC02.setUp(TC02.java:50)
	at java.util.concurrent.FutureTask.run(FutureTask.java:266)
	at java.util.concurrent.ThreadPoolExecutor.runWorker(ThreadPoolExecutor.java:1149)
	at java.util.concurrent.ThreadPoolExecutor$Worker.run(ThreadPoolExecutor.java:624)
	at java.lang.Thread.run(Thread.java:748)
... Removed 14 stack frames]]>
    </failure>
  </testcase> <!-- @BeforeTest setUp -->
  <testcase name="@AfterTest tearDown" time="0.0" classname="appiumAMFAM.TC02">
    <skipped/>
  </testcase> <!-- @AfterTest tearDown -->
  <testcase name="testUntitled" time="0.001" classname="appiumAMFAM.TC02">
    <skipped/>
  </testcase> <!-- testUntitled -->
</testsuite> <!-- AppiumAMFAM -->
