<?xml version="1.0" encoding="UTF-8"?>
<!-- Generated by org.testng.reporters.JUnitXMLReporter -->
<testsuite hostname="idoshoshani-lt" name="AppiumAMFAMIOS" tests="1" failures="1" timestamp="30 May 2018 21:25:45 GMT" time="145.332" errors="0">
  <testcase name="testUntitled" time="110.518" classname="appiumAMFAM.TC02">
    <failure type="org.openqa.selenium.WebDriverException" message="unknown error (An unknown server-side error occurred. status=&amp;apos;false&amp;apos;. Failed to complete internal method: &amp;apos;elementSendText args: [WEB, xpath=(//*[@id=&amp;apos;date-of-birth&amp;apos;])[1], 0, 07031980]&amp;apos;, details: )  (WARNING: The server did not provide any stacktrace information)
Command duration or timeout: 0 milliseconds
Build info: version: &amp;apos;3.6.0&amp;apos;, revision: &amp;apos;6fbf3ec767&amp;apos;, time: &amp;apos;2017-09-27T15:28:36.4Z&amp;apos;
System info: host: &amp;apos;IDOSHOSHANI-LT&amp;apos;, ip: &amp;apos;10.0.75.1&amp;apos;, os.name: &amp;apos;Windows 10&amp;apos;, os.arch: &amp;apos;x86&amp;apos;, os.version: &amp;apos;10.0&amp;apos;, java.version: &amp;apos;1.8.0_151&amp;apos;
Driver info: io.appium.java_client.ios.IOSDriver
Capabilities [{device.majorVersion=11.0.x, dontGoHomeOnQuit=true, device.os=iOS, noReset=false, doNotGoHomeOnQuit=true, dontStopAppOnReset=false, reservationDuration=240, fullReset=false, platform=IOS, desired={dontGoHomeOnQuit=true, doNotGoHomeOnQuit=true, generateReport=false, browserName=Safari, takeScreenshots=false, platformName=iOS}, device.serialNumber=81fbdb60549592832dd2766472689bee900822a6, locationServicesAuthorized=false, device.version=11.1, automationName=XCUITest, browserName=Safari, javascriptEnabled=true, autoWebview=false, platformName=IOS, device.screenSize=1242x2208, testName=Untitled, useKeystore=false, cloudViewLink=http://sales.experitest.com/agent-11/#/MhvBM7n3FWWcNvgs?1
Picked up Grid Node (seetest_7795)
Reserved Device : iPhone 8 Plus B0166, generateReport=false, device.manufacture=Apple, instrumentApp=false, device.category=PHONE, autoDismissAlerts=false, keystorePath=~/.android/debug.keystore, waitForDeviceTimeout=120000, device.model=iPhone 8+, device.name=iPhone 8 Plus B0166, autoGrantPermissions=false, takeScreenshots=false, projectName=, gridNodePort=7795, autoAcceptAlerts=false}]
Session ID: CLOUD-SID:2018-05-31_00-23-07-e5e3467c-69f1-40af-a1df-b6155b5ca130">
      <![CDATA[org.openqa.selenium.WebDriverException: unknown error (An unknown server-side error occurred. status='false'. Failed to complete internal method: 'elementSendText args: [WEB, xpath=(//*[@id='date-of-birth'])[1], 0, 07031980]', details: )  (WARNING: The server did not provide any stacktrace information)
Command duration or timeout: 0 milliseconds
Build info: version: '3.6.0', revision: '6fbf3ec767', time: '2017-09-27T15:28:36.4Z'
System info: host: 'IDOSHOSHANI-LT', ip: '10.0.75.1', os.name: 'Windows 10', os.arch: 'x86', os.version: '10.0', java.version: '1.8.0_151'
Driver info: io.appium.java_client.ios.IOSDriver
Capabilities [{device.majorVersion=11.0.x, dontGoHomeOnQuit=true, device.os=iOS, noReset=false, doNotGoHomeOnQuit=true, dontStopAppOnReset=false, reservationDuration=240, fullReset=false, platform=IOS, desired={dontGoHomeOnQuit=true, doNotGoHomeOnQuit=true, generateReport=false, browserName=Safari, takeScreenshots=false, platformName=iOS}, device.serialNumber=81fbdb60549592832dd2766472689bee900822a6, locationServicesAuthorized=false, device.version=11.1, automationName=XCUITest, browserName=Safari, javascriptEnabled=true, autoWebview=false, platformName=IOS, device.screenSize=1242x2208, testName=Untitled, useKeystore=false, cloudViewLink=http://sales.experitest.com/agent-11/#/MhvBM7n3FWWcNvgs?1
Picked up Grid Node (seetest_7795)
Reserved Device : iPhone 8 Plus B0166, generateReport=false, device.manufacture=Apple, instrumentApp=false, device.category=PHONE, autoDismissAlerts=false, keystorePath=~/.android/debug.keystore, waitForDeviceTimeout=120000, device.model=iPhone 8+, device.name=iPhone 8 Plus B0166, autoGrantPermissions=false, takeScreenshots=false, projectName=, gridNodePort=7795, autoAcceptAlerts=false}]
Session ID: CLOUD-SID:2018-05-31_00-23-07-e5e3467c-69f1-40af-a1df-b6155b5ca130
	at org.openqa.selenium.remote.ErrorHandler.createThrowable(ErrorHandler.java:214)
	at org.openqa.selenium.remote.ErrorHandler.throwIfResponseFailed(ErrorHandler.java:166)
	at org.openqa.selenium.remote.http.JsonHttpResponseCodec.reconstructValue(JsonHttpResponseCodec.java:40)
	at org.openqa.selenium.remote.http.AbstractHttpResponseCodec.decode(AbstractHttpResponseCodec.java:82)
	at org.openqa.selenium.remote.http.AbstractHttpResponseCodec.decode(AbstractHttpResponseCodec.java:45)
	at org.openqa.selenium.remote.HttpCommandExecutor.execute(HttpCommandExecutor.java:164)
	at io.appium.java_client.remote.AppiumCommandExecutor.execute(AppiumCommandExecutor.java:89)
	at org.openqa.selenium.remote.RemoteWebDriver.execute(RemoteWebDriver.java:586)
	at io.appium.java_client.DefaultGenericMobileDriver.execute(DefaultGenericMobileDriver.java:42)
	at io.appium.java_client.AppiumDriver.execute(AppiumDriver.java:1)
	at io.appium.java_client.ios.IOSDriver.execute(IOSDriver.java:1)
	at org.openqa.selenium.remote.RemoteWebElement.execute(RemoteWebElement.java:279)
	at io.appium.java_client.DefaultGenericMobileElement.execute(DefaultGenericMobileElement.java:45)
	at io.appium.java_client.MobileElement.execute(MobileElement.java:1)
	at io.appium.java_client.ios.IOSElement.execute(IOSElement.java:1)
	at org.openqa.selenium.remote.RemoteWebElement.sendKeys(RemoteWebElement.java:100)
	at appiumAMFAM.TC02.testUntitled(TC02.java:76)
	at java.util.concurrent.FutureTask.run(FutureTask.java:266)
	at java.util.concurrent.ThreadPoolExecutor.runWorker(ThreadPoolExecutor.java:1149)
	at java.util.concurrent.ThreadPoolExecutor$Worker.run(ThreadPoolExecutor.java:624)
	at java.lang.Thread.run(Thread.java:748)
... Removed 20 stack frames]]>
    </failure>
  </testcase> <!-- testUntitled -->
</testsuite> <!-- AppiumAMFAMIOS -->
