<?xml version="1.0" encoding="UTF-8"?>
<!-- Generated by org.testng.reporters.JUnitXMLReporter -->
<testsuite hostname="idoshoshani-lt" name="AppiumAMFAMAndroid" tests="1" failures="1" timestamp="30 May 2018 21:24:42 GMT" time="82.121" errors="0">
  <testcase name="testUntitled" time="61.937" classname="appiumAMFAM.TC02">
    <failure type="org.openqa.selenium.WebDriverException" message="Could not forward request http://sales-dhm1.experitest.com:7799/wd/hub/session/CLOUD-SID:2018-05-31_00-23-07-dac07a02-e886-488e-9ec5-017fcd191180/url for session CLOUD-SID:2018-05-31_00-23-07-dac07a02-e886-488e-9ec5-017fcd191180 (WARNING: The server did not provide any stacktrace information)
Command duration or timeout: 0 milliseconds
Build info: version: &amp;apos;3.6.0&amp;apos;, revision: &amp;apos;6fbf3ec767&amp;apos;, time: &amp;apos;2017-09-27T15:28:36.4Z&amp;apos;
System info: host: &amp;apos;IDOSHOSHANI-LT&amp;apos;, ip: &amp;apos;10.0.75.1&amp;apos;, os.name: &amp;apos;Windows 10&amp;apos;, os.arch: &amp;apos;x86&amp;apos;, os.version: &amp;apos;10.0&amp;apos;, java.version: &amp;apos;1.8.0_151&amp;apos;
Driver info: io.appium.java_client.android.AndroidDriver
Capabilities [{device.majorVersion=5.0.x, dontGoHomeOnQuit=true, device.os=Android, noReset=false, doNotGoHomeOnQuit=true, dontStopAppOnReset=false, reservationDuration=240, fullReset=false, platform=ANDROID, desired={dontGoHomeOnQuit=true, doNotGoHomeOnQuit=true, generateReport=false, browserName=Chrome, takeScreenshots=false, platformName=Android}, device.serialNumber=S7M0215829004355, locationServicesAuthorized=false, device.version=5.0, browserName=Chrome, javascriptEnabled=true, autoWebview=false, platformName=ANDROID, device.screenSize=1080x1920, testName=Untitled, useKeystore=false, cloudViewLink=http://sales.experitest.com/agent-9/#/nsRlZw72X1BLasOH?1
Picked up Grid Node (seetest_7799)
Reserved Device : HUAWEI HUAWEI GRA-L09 A0141, generateReport=false, device.manufacture=HUAWEI, instrumentApp=false, device.category=PHONE, autoDismissAlerts=false, keystorePath=~/.android/debug.keystore, waitForDeviceTimeout=120000, device.model=HUAWEI GRA-L09, device.name=HUAWEI HUAWEI GRA-L09 A0141, autoGrantPermissions=false, takeScreenshots=false, projectName=, gridNodePort=7799, autoAcceptAlerts=false}]
Session ID: CLOUD-SID:2018-05-31_00-23-07-dac07a02-e886-488e-9ec5-017fcd191180">
      <![CDATA[org.openqa.selenium.WebDriverException: Could not forward request http://sales-dhm1.experitest.com:7799/wd/hub/session/CLOUD-SID:2018-05-31_00-23-07-dac07a02-e886-488e-9ec5-017fcd191180/url for session CLOUD-SID:2018-05-31_00-23-07-dac07a02-e886-488e-9ec5-017fcd191180 (WARNING: The server did not provide any stacktrace information)
Command duration or timeout: 0 milliseconds
Build info: version: '3.6.0', revision: '6fbf3ec767', time: '2017-09-27T15:28:36.4Z'
System info: host: 'IDOSHOSHANI-LT', ip: '10.0.75.1', os.name: 'Windows 10', os.arch: 'x86', os.version: '10.0', java.version: '1.8.0_151'
Driver info: io.appium.java_client.android.AndroidDriver
Capabilities [{device.majorVersion=5.0.x, dontGoHomeOnQuit=true, device.os=Android, noReset=false, doNotGoHomeOnQuit=true, dontStopAppOnReset=false, reservationDuration=240, fullReset=false, platform=ANDROID, desired={dontGoHomeOnQuit=true, doNotGoHomeOnQuit=true, generateReport=false, browserName=Chrome, takeScreenshots=false, platformName=Android}, device.serialNumber=S7M0215829004355, locationServicesAuthorized=false, device.version=5.0, browserName=Chrome, javascriptEnabled=true, autoWebview=false, platformName=ANDROID, device.screenSize=1080x1920, testName=Untitled, useKeystore=false, cloudViewLink=http://sales.experitest.com/agent-9/#/nsRlZw72X1BLasOH?1
Picked up Grid Node (seetest_7799)
Reserved Device : HUAWEI HUAWEI GRA-L09 A0141, generateReport=false, device.manufacture=HUAWEI, instrumentApp=false, device.category=PHONE, autoDismissAlerts=false, keystorePath=~/.android/debug.keystore, waitForDeviceTimeout=120000, device.model=HUAWEI GRA-L09, device.name=HUAWEI HUAWEI GRA-L09 A0141, autoGrantPermissions=false, takeScreenshots=false, projectName=, gridNodePort=7799, autoAcceptAlerts=false}]
Session ID: CLOUD-SID:2018-05-31_00-23-07-dac07a02-e886-488e-9ec5-017fcd191180
	at org.openqa.selenium.remote.ErrorHandler.createThrowable(ErrorHandler.java:214)
	at org.openqa.selenium.remote.ErrorHandler.throwIfResponseFailed(ErrorHandler.java:166)
	at org.openqa.selenium.remote.http.JsonHttpResponseCodec.reconstructValue(JsonHttpResponseCodec.java:40)
	at org.openqa.selenium.remote.http.AbstractHttpResponseCodec.decode(AbstractHttpResponseCodec.java:82)
	at org.openqa.selenium.remote.http.AbstractHttpResponseCodec.decode(AbstractHttpResponseCodec.java:45)
	at org.openqa.selenium.remote.HttpCommandExecutor.execute(HttpCommandExecutor.java:164)
	at io.appium.java_client.remote.AppiumCommandExecutor.execute(AppiumCommandExecutor.java:89)
	at org.openqa.selenium.remote.RemoteWebDriver.execute(RemoteWebDriver.java:586)
	at io.appium.java_client.DefaultGenericMobileDriver.execute(DefaultGenericMobileDriver.java:42)
	at io.appium.java_client.AppiumDriver.execute(AppiumDriver.java:1)
	at io.appium.java_client.android.AndroidDriver.execute(AndroidDriver.java:1)
	at org.openqa.selenium.remote.RemoteWebDriver.get(RemoteWebDriver.java:310)
	at appiumAMFAM.TC02.testUntitled(TC02.java:63)
	at java.util.concurrent.FutureTask.run(FutureTask.java:266)
	at java.util.concurrent.ThreadPoolExecutor.runWorker(ThreadPoolExecutor.java:1149)
	at java.util.concurrent.ThreadPoolExecutor$Worker.run(ThreadPoolExecutor.java:624)
	at java.lang.Thread.run(Thread.java:748)
... Removed 20 stack frames]]>
    </failure>
  </testcase> <!-- testUntitled -->
</testsuite> <!-- AppiumAMFAMAndroid -->
