<?xml version="1.0" encoding="UTF-8"?>
<testng-results skipped="0" failed="0" ignored="0" total="1" passed="1">
  <reporter-output>
  </reporter-output>
  <suite name="Default suite" duration-ms="108552" started-at="2018-05-28T13:39:37Z" finished-at="2018-05-28T13:41:26Z">
    <groups>
    </groups>
    <test name="Default test" duration-ms="108552" started-at="2018-05-28T13:39:37Z" finished-at="2018-05-28T13:41:26Z">
      <class name="appiumAMFAM.TC03">
        <test-method status="PASS" signature="setUp()[pri:0, instance:appiumAMFAM.TC03@29ca901e]" name="setUp" is-config="true" duration-ms="6122" started-at="2018-05-28T16:39:37Z" finished-at="2018-05-28T16:39:43Z">
          <reporter-output>
          </reporter-output>
        </test-method> <!-- setUp -->
        <test-method status="PASS" signature="testUntitled()[pri:0, instance:appiumAMFAM.TC03@29ca901e]" name="testUntitled" duration-ms="102393" started-at="2018-05-28T16:39:43Z" finished-at="2018-05-28T16:41:26Z">
          <reporter-output>
          </reporter-output>
        </test-method> <!-- testUntitled -->
        <test-method status="PASS" signature="tearDown()[pri:0, instance:appiumAMFAM.TC03@29ca901e]" name="tearDown" is-config="true" duration-ms="17" started-at="2018-05-28T16:41:26Z" finished-at="2018-05-28T16:41:26Z">
          <reporter-output>
          </reporter-output>
        </test-method> <!-- tearDown -->
      </class> <!-- appiumAMFAM.TC03 -->
    </test> <!-- Default test -->
  </suite> <!-- Default suite -->
</testng-results>
